# JRE version: Java(TM) SE Runtime Environment (8.0_191-b12) (build 1.8.0_191-b12)
# Java VM: Java HotSpot(TM) 64-Bit Server VM (25.191-b12 mixed mode windows-amd64 compressed oops)
Heap:
 PSYoungGen      total 355328K, used 68576K [0x00000000e0000000, 0x0000000100000000, 0x0000000100000000)
  eden space 286720K, 0% used [0x00000000e0000000,0x00000000e0000000,0x00000000f1800000)
  from space 68608K, 99% used [0x00000000f1800000,0x00000000f5af80b0,0x00000000f5b00000)
  to   space 122880K, 0% used [0x00000000f8800000,0x00000000f8800000,0x0000000100000000)
 ParOldGen       total 640000K, used 581706K [0x00000000a0000000, 0x00000000c7100000, 0x00000000e0000000)
  object space 640000K, 90% used [0x00000000a0000000,0x00000000c3812ac0,0x00000000c7100000)
 Metaspace       used 147090K, capacity 156252K, committed 204928K, reserved 1226752K
  class space    used 17723K, capacity 19467K, committed 26752K, reserved 1048576K
GC Heap History (10 events):
Event: 11661.275 GC heap after
Heap after GC invocations=417 (full 30):
 PSYoungGen      total 403456K, used 96K [0x00000000e0000000, 0x00000000ffa00000, 0x0000000100000000)
  eden space 289792K, 0% used [0x00000000e0000000,0x00000000e0000000,0x00000000f1b00000)
  from space 113664K, 0% used [0x00000000f1b00000,0x00000000f1b18000,0x00000000f8a00000)
  to   space 111104K, 0% used [0x00000000f8d80000,0x00000000f8d80000,0x00000000ffa00000)
 ParOldGen       total 640000K, used 500796K [0x00000000a0000000, 0x00000000c7100000, 0x00000000e0000000)
  object space 640000K, 78% used [0x00000000a0000000,0x00000000be90f270,0x00000000c7100000)
 Metaspace       used 141806K, capacity 150832K, committed 204928K, reserved 1226752K
  class space    used 17151K, capacity 18855K, committed 26752K, reserved 1048576K
}
Event: 16234.439 GC heap before
{Heap before GC invocations=418 (full 30):
 PSYoungGen      total 403456K, used 289888K [0x00000000e0000000, 0x00000000ffa00000, 0x0000000100000000)
  eden space 289792K, 100% used [0x00000000e0000000,0x00000000f1b00000,0x00000000f1b00000)
  from space 113664K, 0% used [0x00000000f1b00000,0x00000000f1b18000,0x00000000f8a00000)
  to   space 111104K, 0% used [0x00000000f8d80000,0x00000000f8d80000,0x00000000ffa00000)
 ParOldGen       total 640000K, used 500796K [0x00000000a0000000, 0x00000000c7100000, 0x00000000e0000000)
  object space 640000K, 78% used [0x00000000a0000000,0x00000000be90f270,0x00000000c7100000)
 Metaspace       used 141814K, capacity 150832K, committed 204928K, reserved 1226752K
  class space    used 17151K, capacity 18855K, committed 26752K, reserved 1048576K
Event: 16234.451 GC heap after
Heap after GC invocations=418 (full 30):
 PSYoungGen      total 407552K, used 4145K [0x00000000e0000000, 0x00000000ff780000, 0x0000000100000000)
  eden space 299008K, 0% used [0x00000000e0000000,0x00000000e0000000,0x00000000f2400000)
  from space 108544K, 3% used [0x00000000f8d80000,0x00000000f918c728,0x00000000ff780000)
  to   space 108032K, 0% used [0x00000000f2400000,0x00000000f2400000,0x00000000f8d80000)
 ParOldGen       total 640000K, used 500828K [0x00000000a0000000, 0x00000000c7100000, 0x00000000e0000000)
  object space 640000K, 78% used [0x00000000a0000000,0x00000000be917270,0x00000000c7100000)
 Metaspace       used 141814K, capacity 150832K, committed 204928K, reserved 1226752K
  class space    used 17151K, capacity 18855K, committed 26752K, reserved 1048576K
}
Event: 16243.820 GC heap before
{Heap before GC invocations=419 (full 30):
 PSYoungGen      total 407552K, used 303153K [0x00000000e0000000, 0x00000000ff780000, 0x0000000100000000)
  eden space 299008K, 100% used [0x00000000e0000000,0x00000000f2400000,0x00000000f2400000)
  from space 108544K, 3% used [0x00000000f8d80000,0x00000000f918c728,0x00000000ff780000)
  to   space 108032K, 0% used [0x00000000f2400000,0x00000000f2400000,0x00000000f8d80000)
 ParOldGen       total 640000K, used 500828K [0x00000000a0000000, 0x00000000c7100000, 0x00000000e0000000)
  object space 640000K, 78% used [0x00000000a0000000,0x00000000be917270,0x00000000c7100000)
 Metaspace       used 141829K, capacity 150832K, committed 204928K, reserved 1226752K
  class space    used 17151K, capacity 18855K, committed 26752K, reserved 1048576K
Event: 16243.857 GC heap after
Heap after GC invocations=419 (full 30):
 PSYoungGen      total 407040K, used 52197K [0x00000000e0000000, 0x0000000100000000, 0x0000000100000000)
  eden space 299008K, 0% used [0x00000000e0000000,0x00000000e0000000,0x00000000f2400000)
  from space 108032K, 48% used [0x00000000f2400000,0x00000000f56f9530,0x00000000f8d80000)
  to   space 109056K, 0% used [0x00000000f9580000,0x00000000f9580000,0x0000000100000000)
 ParOldGen       total 640000K, used 503750K [0x00000000a0000000, 0x00000000c7100000, 0x00000000e0000000)
  object space 640000K, 78% used [0x00000000a0000000,0x00000000bebf1838,0x00000000c7100000)
 Metaspace       used 141829K, capacity 150832K, committed 204928K, reserved 1226752K
  class space    used 17151K, capacity 18855K, committed 26752K, reserved 1048576K
}
Event: 16245.323 GC heap before
{Heap before GC invocations=420 (full 30):
 PSYoungGen      total 407040K, used 351205K [0x00000000e0000000, 0x0000000100000000, 0x0000000100000000)
  eden space 299008K, 100% used [0x00000000e0000000,0x00000000f2400000,0x00000000f2400000)
  from space 108032K, 48% used [0x00000000f2400000,0x00000000f56f9530,0x00000000f8d80000)
  to   space 109056K, 0% used [0x00000000f9580000,0x00000000f9580000,0x0000000100000000)
 ParOldGen       total 640000K, used 503750K [0x00000000a0000000, 0x00000000c7100000, 0x00000000e0000000)
  object space 640000K, 78% used [0x00000000a0000000,0x00000000bebf1838,0x00000000c7100000)
 Metaspace       used 147044K, capacity 156188K, committed 204928K, reserved 1226752K
  class space    used 17721K, capacity 19467K, committed 26752K, reserved 1048576K
Event: 16245.391 GC heap after
Heap after GC invocations=420 (full 30):
 PSYoungGen      total 395776K, used 78305K [0x00000000e0000000, 0x0000000100000000, 0x0000000100000000)
  eden space 286720K, 0% used [0x00000000e0000000,0x00000000e0000000,0x00000000f1800000)
  from space 109056K, 71% used [0x00000000f9580000,0x00000000fe1f8780,0x0000000100000000)
  to   space 118784K, 0% used [0x00000000f1800000,0x00000000f1800000,0x00000000f8c00000)
 ParOldGen       total 640000K, used 554495K [0x00000000a0000000, 0x00000000c7100000, 0x00000000e0000000)
  object space 640000K, 86% used [0x00000000a0000000,0x00000000c1d7fe60,0x00000000c7100000)
 Metaspace       used 147044K, capacity 156188K, committed 204928K, reserved 1226752K
  class space    used 17721K, capacity 19467K, committed 26752K, reserved 1048576K
}
Event: 16246.005 GC heap before
{Heap before GC invocations=421 (full 30):
 PSYoungGen      total 395776K, used 365025K [0x00000000e0000000, 0x0000000100000000, 0x0000000100000000)
  eden space 286720K, 100% used [0x00000000e0000000,0x00000000f1800000,0x00000000f1800000)
  from space 109056K, 71% used [0x00000000f9580000,0x00000000fe1f8780,0x0000000100000000)
  to   space 118784K, 0% used [0x00000000f1800000,0x00000000f1800000,0x00000000f8c00000)
 ParOldGen       total 640000K, used 554495K [0x00000000a0000000, 0x00000000c7100000, 0x00000000e0000000)
  object space 640000K, 86% used [0x00000000a0000000,0x00000000c1d7fe60,0x00000000c7100000)
 Metaspace       used 147090K, capacity 156252K, committed 204928K, reserved 1226752K
  class space    used 17723K, capacity 19467K, committed 26752K, reserved 1048576K
Event: 16246.055 GC heap after
Heap after GC invocations=421 (full 30):
 PSYoungGen      total 355328K, used 68576K [0x00000000e0000000, 0x0000000100000000, 0x0000000100000000)
  eden space 286720K, 0% used [0x00000000e0000000,0x00000000e0000000,0x00000000f1800000)
  from space 68608K, 99% used [0x00000000f1800000,0x00000000f5af80b0,0x00000000f5b00000)
  to   space 122880K, 0% used [0x00000000f8800000,0x00000000f8800000,0x0000000100000000)
 ParOldGen       total 640000K, used 581706K [0x00000000a0000000, 0x00000000c7100000, 0x00000000e0000000)
  object space 640000K, 90% used [0x00000000a0000000,0x00000000c3812ac0,0x00000000c7100000)
 Metaspace       used 147090K, capacity 156252K, committed 204928K, reserved 1226752K
  class space    used 17723K, capacity 19467K, committed 26752K, reserved 1048576K
}
Event: 16246.055 GC heap before
{Heap before GC invocations=422 (full 31):
 PSYoungGen      total 355328K, used 68576K [0x00000000e0000000, 0x0000000100000000, 0x0000000100000000)
  eden space 286720K, 0% used [0x00000000e0000000,0x00000000e0000000,0x00000000f1800000)
  from space 68608K, 99% used [0x00000000f1800000,0x00000000f5af80b0,0x00000000f5b00000)
  to   space 122880K, 0% used [0x00000000f8800000,0x00000000f8800000,0x0000000100000000)
 ParOldGen       total 640000K, used 581706K [0x00000000a0000000, 0x00000000c7100000, 0x00000000e0000000)
  object space 640000K, 90% used [0x00000000a0000000,0x00000000c3812ac0,0x00000000c7100000)
 Metaspace       used 147090K, capacity 156252K, committed 204928K, reserved 1226752K
  class space    used 17723K, capacity 19467K, committed 26752K, reserved 1048576K

