# JRE version: OpenJDK Runtime Environment (8.0_152-b02) (build 1.8.0_152-release-1024-b02)
# Java VM: OpenJDK 64-Bit Server VM (25.152-b02 mixed mode windows-amd64 compressed oops)
Heap:
 PSYoungGen      total 429568K, used 129497K [0x00000000e0000000, 0x0000000100000000, 0x0000000100000000)
  eden space 383488K, 21% used [0x00000000e0000000,0x00000000e5179358,0x00000000f7680000)
  from space 46080K, 99% used [0x00000000faf80000,0x00000000fdc7d398,0x00000000fdc80000)
  to   space 58368K, 0% used [0x00000000f7680000,0x00000000f7680000,0x00000000faf80000)
 ParOldGen       total 231936K, used 100660K [0x00000000a0000000, 0x00000000ae280000, 0x00000000e0000000)
  object space 231936K, 43% used [0x00000000a0000000,0x00000000a624d3c0,0x00000000ae280000)
 Metaspace       used 100081K, capacity 108224K, committed 108544K, reserved 1142784K
  class space    used 12549K, capacity 14220K, committed 14336K, reserved 1048576K
GC Heap History (10 events):
Event: 1425.795 GC heap before
{Heap before GC invocations=45 (full 5):
 PSYoungGen      total 410112K, used 409836K [0x00000000e0000000, 0x00000000fe800000, 0x0000000100000000)
  eden space 397312K, 100% used [0x00000000e0000000,0x00000000f8400000,0x00000000f8400000)
  from space 12800K, 97% used [0x00000000f9400000,0x00000000fa03b1b0,0x00000000fa080000)
  to   space 51200K, 0% used [0x00000000fb600000,0x00000000fb600000,0x00000000fe800000)
 ParOldGen       total 231936K, used 86627K [0x00000000a0000000, 0x00000000ae280000, 0x00000000e0000000)
  object space 231936K, 37% used [0x00000000a0000000,0x00000000a5498c70,0x00000000ae280000)
 Metaspace       used 98902K, capacity 106898K, committed 107136K, reserved 1142784K
  class space    used 12472K, capacity 14145K, committed 14208K, reserved 1048576K
Event: 1425.812 GC heap after
Heap after GC invocations=45 (full 5):
 PSYoungGen      total 411648K, used 16252K [0x00000000e0000000, 0x00000000fd300000, 0x0000000100000000)
  eden space 381952K, 0% used [0x00000000e0000000,0x00000000e0000000,0x00000000f7500000)
  from space 29696K, 54% used [0x00000000fb600000,0x00000000fc5df1e0,0x00000000fd300000)
  to   space 48128K, 0% used [0x00000000f7500000,0x00000000f7500000,0x00000000fa400000)
 ParOldGen       total 231936K, used 86635K [0x00000000a0000000, 0x00000000ae280000, 0x00000000e0000000)
  object space 231936K, 37% used [0x00000000a0000000,0x00000000a549ac70,0x00000000ae280000)
 Metaspace       used 98902K, capacity 106898K, committed 107136K, reserved 1142784K
  class space    used 12472K, capacity 14145K, committed 14208K, reserved 1048576K
}
Event: 1482.064 GC heap before
{Heap before GC invocations=46 (full 5):
 PSYoungGen      total 411648K, used 397269K [0x00000000e0000000, 0x00000000fd300000, 0x0000000100000000)
  eden space 381952K, 99% used [0x00000000e0000000,0x00000000f7416370,0x00000000f7500000)
  from space 29696K, 54% used [0x00000000fb600000,0x00000000fc5df1e0,0x00000000fd300000)
  to   space 48128K, 0% used [0x00000000f7500000,0x00000000f7500000,0x00000000fa400000)
 ParOldGen       total 231936K, used 86635K [0x00000000a0000000, 0x00000000ae280000, 0x00000000e0000000)
  object space 231936K, 37% used [0x00000000a0000000,0x00000000a549ac70,0x00000000ae280000)
 Metaspace       used 99758K, capacity 107798K, committed 107904K, reserved 1142784K
  class space    used 12534K, capacity 14203K, committed 14208K, reserved 1048576K
Event: 1482.087 GC heap after
Heap after GC invocations=46 (full 5):
 PSYoungGen      total 388608K, used 21458K [0x00000000e0000000, 0x00000000fc180000, 0x0000000100000000)
  eden space 367104K, 0% used [0x00000000e0000000,0x00000000e0000000,0x00000000f6680000)
  from space 21504K, 99% used [0x00000000f7500000,0x00000000f89f4b88,0x00000000f8a00000)
  to   space 46592K, 0% used [0x00000000f9400000,0x00000000f9400000,0x00000000fc180000)
 ParOldGen       total 231936K, used 86643K [0x00000000a0000000, 0x00000000ae280000, 0x00000000e0000000)
  object space 231936K, 37% used [0x00000000a0000000,0x00000000a549cc70,0x00000000ae280000)
 Metaspace       used 99758K, capacity 107798K, committed 107904K, reserved 1142784K
  class space    used 12534K, capacity 14203K, committed 14208K, reserved 1048576K
}
Event: 1482.996 GC heap before
{Heap before GC invocations=47 (full 5):
 PSYoungGen      total 388608K, used 388562K [0x00000000e0000000, 0x00000000fc180000, 0x0000000100000000)
  eden space 367104K, 100% used [0x00000000e0000000,0x00000000f6680000,0x00000000f6680000)
  from space 21504K, 99% used [0x00000000f7500000,0x00000000f89f4b88,0x00000000f8a00000)
  to   space 46592K, 0% used [0x00000000f9400000,0x00000000f9400000,0x00000000fc180000)
 ParOldGen       total 231936K, used 86643K [0x00000000a0000000, 0x00000000ae280000, 0x00000000e0000000)
  object space 231936K, 37% used [0x00000000a0000000,0x00000000a549cc70,0x00000000ae280000)
 Metaspace       used 99781K, capacity 107822K, committed 107904K, reserved 1142784K
  class space    used 12537K, capacity 14207K, committed 14208K, reserved 1048576K
Event: 1483.014 GC heap after
Heap after GC invocations=47 (full 5):
 PSYoungGen      total 413696K, used 25276K [0x00000000e0000000, 0x00000000fda80000, 0x0000000100000000)
  eden space 367104K, 0% used [0x00000000e0000000,0x00000000e0000000,0x00000000f6680000)
  from space 46592K, 54% used [0x00000000f9400000,0x00000000facaf240,0x00000000fc180000)
  to   space 46592K, 0% used [0x00000000f6680000,0x00000000f6680000,0x00000000f9400000)
 ParOldGen       total 231936K, used 86651K [0x00000000a0000000, 0x00000000ae280000, 0x00000000e0000000)
  object space 231936K, 37% used [0x00000000a0000000,0x00000000a549ec70,0x00000000ae280000)
 Metaspace       used 99781K, capacity 107822K, committed 107904K, reserved 1142784K
  class space    used 12537K, capacity 14207K, committed 14208K, reserved 1048576K
}
Event: 1484.759 GC heap before
{Heap before GC invocations=48 (full 5):
 PSYoungGen      total 413696K, used 392380K [0x00000000e0000000, 0x00000000fda80000, 0x0000000100000000)
  eden space 367104K, 100% used [0x00000000e0000000,0x00000000f6680000,0x00000000f6680000)
  from space 46592K, 54% used [0x00000000f9400000,0x00000000facaf240,0x00000000fc180000)
  to   space 46592K, 0% used [0x00000000f6680000,0x00000000f6680000,0x00000000f9400000)
 ParOldGen       total 231936K, used 86651K [0x00000000a0000000, 0x00000000ae280000, 0x00000000e0000000)
  object space 231936K, 37% used [0x00000000a0000000,0x00000000a549ec70,0x00000000ae280000)
 Metaspace       used 100013K, capacity 108090K, committed 108288K, reserved 1142784K
  class space    used 12548K, capacity 14219K, committed 14336K, reserved 1048576K
Event: 1484.784 GC heap after
Heap after GC invocations=48 (full 5):
 PSYoungGen      total 413696K, used 23951K [0x00000000e0000000, 0x00000000fdc80000, 0x0000000100000000)
  eden space 367104K, 0% used [0x00000000e0000000,0x00000000e0000000,0x00000000f6680000)
  from space 46592K, 51% used [0x00000000f6680000,0x00000000f7de3dc0,0x00000000f9400000)
  to   space 46080K, 0% used [0x00000000faf80000,0x00000000faf80000,0x00000000fdc80000)
 ParOldGen       total 231936K, used 86651K [0x00000000a0000000, 0x00000000ae280000, 0x00000000e0000000)
  object space 231936K, 37% used [0x00000000a0000000,0x00000000a549ec70,0x00000000ae280000)
 Metaspace       used 100013K, capacity 108090K, committed 108288K, reserved 1142784K
  class space    used 12548K, capacity 14219K, committed 14336K, reserved 1048576K
}
Event: 1485.742 GC heap before
{Heap before GC invocations=49 (full 5):
 PSYoungGen      total 413696K, used 391055K [0x00000000e0000000, 0x00000000fdc80000, 0x0000000100000000)
  eden space 367104K, 100% used [0x00000000e0000000,0x00000000f6680000,0x00000000f6680000)
  from space 46592K, 51% used [0x00000000f6680000,0x00000000f7de3dc0,0x00000000f9400000)
  to   space 46080K, 0% used [0x00000000faf80000,0x00000000faf80000,0x00000000fdc80000)
 ParOldGen       total 231936K, used 86651K [0x00000000a0000000, 0x00000000ae280000, 0x00000000e0000000)
  object space 231936K, 37% used [0x00000000a0000000,0x00000000a549ec70,0x00000000ae280000)
 Metaspace       used 100077K, capacity 108224K, committed 108544K, reserved 1142784K
  class space    used 12549K, capacity 14220K, committed 14336K, reserved 1048576K
Event: 1485.801 GC heap after
Heap after GC invocations=49 (full 5):
 PSYoungGen      total 429568K, used 46068K [0x00000000e0000000, 0x0000000100000000, 0x0000000100000000)
  eden space 383488K, 0% used [0x00000000e0000000,0x00000000e0000000,0x00000000f7680000)
  from space 46080K, 99% used [0x00000000faf80000,0x00000000fdc7d398,0x00000000fdc80000)
  to   space 58368K, 0% used [0x00000000f7680000,0x00000000f7680000,0x00000000faf80000)
 ParOldGen       total 231936K, used 100660K [0x00000000a0000000, 0x00000000ae280000, 0x00000000e0000000)
  object space 231936K, 43% used [0x00000000a0000000,0x00000000a624d3c0,0x00000000ae280000)
 Metaspace       used 100077K, capacity 108224K, committed 108544K, reserved 1142784K
  class space    used 12549K, capacity 14220K, committed 14336K, reserved 1048576K
}

