# JRE version: OpenJDK Runtime Environment (11.0.8+10) (build 11.0.8+10-b944.6842174)
# Java VM: OpenJDK 64-Bit Server VM (11.0.8+10-b944.6842174, mixed mode, tiered, compressed oops, g1 gc, windows-amd64)
Heap:
 garbage-first heap   total 312320K, used 129024K [0x0000000702000000, 0x0000000800000000)
  region size 1024K, 51 young (52224K), 14 survivors (14336K)
 Metaspace       used 67780K, capacity 68593K, committed 68848K, reserved 1110016K
  class space    used 7651K, capacity 7979K, committed 8012K, reserved 1048576K
GC Heap History (20 events):
Event: 1.103 GC heap before
{Heap before GC invocations=0 (full 0):
 garbage-first heap   total 260096K, used 27648K [0x0000000702000000, 0x0000000800000000)
  region size 1024K, 24 young (24576K), 0 survivors (0K)
 Metaspace       used 12387K, capacity 12526K, committed 12800K, reserved 1060864K
  class space    used 1154K, capacity 1216K, committed 1280K, reserved 1048576K
}
Event: 1.108 GC heap after
{Heap after GC invocations=1 (full 0):
 garbage-first heap   total 260096K, used 5770K [0x0000000702000000, 0x0000000800000000)
  region size 1024K, 3 young (3072K), 3 survivors (3072K)
 Metaspace       used 12387K, capacity 12526K, committed 12800K, reserved 1060864K
  class space    used 1154K, capacity 1216K, committed 1280K, reserved 1048576K
}
Event: 2.869 GC heap before
{Heap before GC invocations=1 (full 0):
 garbage-first heap   total 260096K, used 43658K [0x0000000702000000, 0x0000000800000000)
  region size 1024K, 41 young (41984K), 3 survivors (3072K)
 Metaspace       used 20972K, capacity 21164K, committed 21248K, reserved 1069056K
  class space    used 2208K, capacity 2284K, committed 2304K, reserved 1048576K
}
Event: 2.894 GC heap after
{Heap after GC invocations=2 (full 0):
 garbage-first heap   total 260096K, used 9585K [0x0000000702000000, 0x0000000800000000)
  region size 1024K, 7 young (7168K), 7 survivors (7168K)
 Metaspace       used 20972K, capacity 21164K, committed 21248K, reserved 1069056K
  class space    used 2208K, capacity 2284K, committed 2304K, reserved 1048576K
}
Event: 5.119 GC heap before
{Heap before GC invocations=3 (full 0):
 garbage-first heap   total 260096K, used 66929K [0x0000000702000000, 0x0000000800000000)
  region size 1024K, 57 young (58368K), 7 survivors (7168K)
 Metaspace       used 27731K, capacity 28044K, committed 28284K, reserved 1075200K
  class space    used 3017K, capacity 3141K, committed 3200K, reserved 1048576K
}
Event: 5.138 GC heap after
{Heap after GC invocations=4 (full 0):
 garbage-first heap   total 260096K, used 19369K [0x0000000702000000, 0x0000000800000000)
  region size 1024K, 8 young (8192K), 8 survivors (8192K)
 Metaspace       used 27731K, capacity 28044K, committed 28284K, reserved 1075200K
  class space    used 3017K, capacity 3141K, committed 3200K, reserved 1048576K
}
Event: 5.387 GC heap before
{Heap before GC invocations=4 (full 0):
 garbage-first heap   total 260096K, used 29609K [0x0000000702000000, 0x0000000800000000)
  region size 1024K, 18 young (18432K), 8 survivors (8192K)
 Metaspace       used 30071K, capacity 30508K, committed 30844K, reserved 1077248K
  class space    used 3279K, capacity 3429K, committed 3456K, reserved 1048576K
}
Event: 5.399 GC heap after
{Heap after GC invocations=5 (full 0):
 garbage-first heap   total 260096K, used 21072K [0x0000000702000000, 0x0000000800000000)
  region size 1024K, 2 young (2048K), 2 survivors (2048K)
 Metaspace       used 30071K, capacity 30508K, committed 30844K, reserved 1077248K
  class space    used 3279K, capacity 3429K, committed 3456K, reserved 1048576K
}
Event: 6.232 GC heap before
{Heap before GC invocations=5 (full 0):
 garbage-first heap   total 260096K, used 45648K [0x0000000702000000, 0x0000000800000000)
  region size 1024K, 27 young (27648K), 2 survivors (2048K)
 Metaspace       used 35500K, capacity 35856K, committed 35964K, reserved 1081344K
  class space    used 4048K, capacity 4207K, committed 4224K, reserved 1048576K
}
Event: 6.238 GC heap after
{Heap after GC invocations=6 (full 0):
 garbage-first heap   total 260096K, used 23217K [0x0000000702000000, 0x0000000800000000)
  region size 1024K, 4 young (4096K), 4 survivors (4096K)
 Metaspace       used 35500K, capacity 35856K, committed 35964K, reserved 1081344K
  class space    used 4048K, capacity 4207K, committed 4224K, reserved 1048576K
}
Event: 8.577 GC heap before
{Heap before GC invocations=7 (full 0):
 garbage-first heap   total 260096K, used 105137K [0x0000000702000000, 0x0000000800000000)
  region size 1024K, 83 young (84992K), 4 survivors (4096K)
 Metaspace       used 47471K, capacity 47921K, committed 48124K, reserved 1091584K
  class space    used 5671K, capacity 5878K, committed 5888K, reserved 1048576K
}
Event: 8.592 GC heap after
{Heap after GC invocations=8 (full 0):
 garbage-first heap   total 260096K, used 31972K [0x0000000702000000, 0x0000000800000000)
  region size 1024K, 11 young (11264K), 11 survivors (11264K)
 Metaspace       used 47471K, capacity 47921K, committed 48124K, reserved 1091584K
  class space    used 5671K, capacity 5878K, committed 5888K, reserved 1048576K
}
Event: 14.187 GC heap before
{Heap before GC invocations=8 (full 0):
 garbage-first heap   total 260096K, used 139492K [0x0000000702000000, 0x0000000800000000)
  region size 1024K, 116 young (118784K), 11 survivors (11264K)
 Metaspace       used 57468K, capacity 58062K, committed 58236K, reserved 1099776K
  class space    used 6703K, capacity 6969K, committed 7040K, reserved 1048576K
}
Event: 14.233 GC heap after
{Heap after GC invocations=9 (full 0):
 garbage-first heap   total 312320K, used 53604K [0x0000000702000000, 0x0000000800000000)
  region size 1024K, 15 young (15360K), 15 survivors (15360K)
 Metaspace       used 57468K, capacity 58062K, committed 58236K, reserved 1099776K
  class space    used 6703K, capacity 6969K, committed 7040K, reserved 1048576K
}
Event: 16.303 GC heap before
{Heap before GC invocations=9 (full 0):
 garbage-first heap   total 312320K, used 134500K [0x0000000702000000, 0x0000000800000000)
  region size 1024K, 94 young (96256K), 15 survivors (15360K)
 Metaspace       used 58124K, capacity 58771K, committed 59004K, reserved 1101824K
  class space    used 6710K, capacity 6969K, committed 7040K, reserved 1048576K
}
Event: 16.360 GC heap after
{Heap after GC invocations=10 (full 0):
 garbage-first heap   total 312320K, used 67284K [0x0000000702000000, 0x0000000800000000)
  region size 1024K, 12 young (12288K), 12 survivors (12288K)
 Metaspace       used 58124K, capacity 58771K, committed 59004K, reserved 1101824K
  class space    used 6710K, capacity 6969K, committed 7040K, reserved 1048576K
}
Event: 17.772 GC heap before
{Heap before GC invocations=10 (full 0):
 garbage-first heap   total 312320K, used 129748K [0x0000000702000000, 0x0000000800000000)
  region size 1024K, 74 young (75776K), 12 survivors (12288K)
 Metaspace       used 59930K, capacity 60523K, committed 60580K, reserved 1103872K
  class space    used 6902K, capacity 7146K, committed 7168K, reserved 1048576K
}
Event: 17.797 GC heap after
{Heap after GC invocations=11 (full 0):
 garbage-first heap   total 312320K, used 75181K [0x0000000702000000, 0x0000000800000000)
  region size 1024K, 7 young (7168K), 7 survivors (7168K)
 Metaspace       used 59930K, capacity 60523K, committed 60580K, reserved 1103872K
  class space    used 6902K, capacity 7146K, committed 7168K, reserved 1048576K
}
Event: 23.736 GC heap before
{Heap before GC invocations=12 (full 0):
 garbage-first heap   total 312320K, used 181677K [0x0000000702000000, 0x0000000800000000)
  region size 1024K, 108 young (110592K), 7 survivors (7168K)
 Metaspace       used 67165K, capacity 67966K, committed 68080K, reserved 1110016K
  class space    used 7617K, capacity 7943K, committed 8012K, reserved 1048576K
}
Event: 23.763 GC heap after
{Heap after GC invocations=13 (full 0):
 garbage-first heap   total 312320K, used 92160K [0x0000000702000000, 0x0000000800000000)
  region size 1024K, 14 young (14336K), 14 survivors (14336K)
 Metaspace       used 67165K, capacity 67966K, committed 68080K, reserved 1110016K
  class space    used 7617K, capacity 7943K, committed 8012K, reserved 1048576K
}

